<?xml version="1.0" encoding="UTF-8"?>
<testng-results ignored="0" total="1" passed="1" failed="0" skipped="0">
  <reporter-output>
  </reporter-output>
  <suite started-at="2021-08-31T15:43:32 IST" name="Default suite" finished-at="2021-08-31T15:43:32 IST" duration-ms="98">
    <groups>
    </groups>
    <test started-at="2021-08-31T15:43:32 IST" name="Default test" finished-at="2021-08-31T15:43:32 IST" duration-ms="98">
      <class name="TestNGreview">
        <test-method is-config="true" signature="beforetest()[pri:0, instance:TestNGreview@5cee5251]" started-at="2021-08-31T15:43:32 IST" name="beforetest" finished-at="2021-08-31T15:43:32 IST" duration-ms="14" status="PASS">
          <reporter-output>
          </reporter-output>
        </test-method> <!-- beforetest -->
        <test-method signature="test()[pri:0, instance:TestNGreview@5cee5251]" started-at="2021-08-31T15:43:32 IST" name="test" finished-at="2021-08-31T15:43:32 IST" duration-ms="14" status="PASS">
          <reporter-output>
          </reporter-output>
        </test-method> <!-- test -->
        <test-method is-config="true" signature="aftertest()[pri:0, instance:TestNGreview@5cee5251]" started-at="2021-08-31T15:43:32 IST" name="aftertest" finished-at="2021-08-31T15:43:32 IST" duration-ms="1" status="PASS">
          <reporter-output>
          </reporter-output>
        </test-method> <!-- aftertest -->
      </class> <!-- TestNGreview -->
    </test> <!-- Default test -->
  </suite> <!-- Default suite -->
</testng-results>
